[2020-03-18 18:15:10.9860] - INFO - Reading from /Users/navidtavalaei/Desktop/FramerX-CLI.framerfx (origin); preserving existing contents of project folder: true
[2020-03-18 18:15:10.9870] - INFO - Done reading
[2020-03-18 18:15:10.9870] - INFO - Marking changed: false
[2020-03-18 18:15:10.9880] - INFO - Marking changed: false
[2020-03-18 18:15:10.9930] - DEBUG - [Save session: 1] Completed super.save
[2020-03-18 18:15:11.8670] - ERROR - Unhandled Rejection at: Promise Promise {
[2020-03-18 18:15:11.8670] - ERROR -   <rejected> Error: Error updating package.json Error: ENOENT: no such file or directory, open '/Users/navidtavalaei/Desktop/FramerX-CLI.framerfx/package.json'
[2020-03-18 18:15:11.8680] - ERROR -       at Project.<anonymous> (/Applications/Framer X.app/Contents/Resources/Server/lib/project.js:1208:23)
[2020-03-18 18:15:11.8680] - ERROR -       at Generator.throw (<anonymous>)
[2020-03-18 18:15:11.8680] - ERROR -       at rejected (/Applications/Framer X.app/Contents/Resources/Server/lib/project.jsf project folder: true
[2020-03-18 18:15:10.9870] - INFO - Done reading
[2020-03-18 18:15:10.9870] - INFO - Marking changed: false
[2020-03-18 18:15:10.9880] - INFO - Marking changed: false
[2020-03-18 18:15:10.9930] - DEBUG - [Save session: 1] Completed super.save
[2020-03-18 18:15:11.8670] - ERROR - Unhandled Rejection at: Promise Promise {
[2020-03-18 18:15:11.8670] - ERROR -   <rejected> Error: Error updating package.json Error: ENOENT: no such file or directory, open '/Users/navidtavalaei/Desktop/FramerX-CLI.framerfx/package.json'
[2020-03-18 18:15:11.8680] - ERROR -       at Project.<anonymous> (/Applications/Framer X.app/Contents/Resources/Server/lib/project.js:1208:23)
[2020-03-18 18:15:11.8680] - ERROR -       at Generator.throw (<anonymous>)
[2020-03-18 18:15:11.8680] - ERROR -       at rejected (/Applications/Framer X.app/Contents/Resources/Server/lib/project.jse.json Error: ENOENT: no such file or directory, open '/Users/navidtavalaei/Desktop/FramerX-CLI.framerfx/package.json'
[2020-03-18 18:15:11.8680] - ERROR -       at Project.<anonymous> (/Applications/Framer X.app/Contents/Resources/Server/lib/project.js:1208:23)
[2020-03-18 18:15:11.8680] - ERROR -       at Generator.throw (<anonymous>)
[2020-03-18 18:15:11.8680] - ERROR -       at rejected (/Applications/Framer X.app/Contents/Resources/Server/lib/project.jst rejected (/Applications/Framer X.app/Contents/Resources/Server/lib/project.js0-03-18 18:15:11.8680] - ERROR -       at rejected (/Applications/Framer X.app/Contents/Resources/Server/lib/project.js:6:65) } reason: Error: Error updating package.json Error: ENOENT: no such file or directory, open '/Users/navidtavalaei/Desktop/FramerX-CLI.framerfx/package.json'
[2020-03-18 18:15:11.8680] - ERROR -     at Project.<anonymous> (/Applications/Framer X.app/Contents/Resources/Server/lib/project.js:1208:23)
[2020-03-18 18:15:11.8680] - ERROR -     at Generator.throw (<anonymous>)
[2020-03-18 18:15:11.8680] - ERROR -     at rejected (/Applications/Framer X.app/Contents/Resources/Server/lib/project.js:6:65)
[2020-03-18 18:15:11.8740] - INFO - Marking changed: false
[2020-03-18 18:15:11.8960] - INFO - GET 404 /node_modules/framer/build/framer.debug.js 180 B (4ms)
[2020-03-18 18:15:12.8970] - INFO - Installing dependencies…
[2020-03-18 18:15:13.3080] - INFO - GET 200 /node_modules/framer/build/framer.debug.js 0 B (2ms)
[2020-03-18 18:15:13.3110] - INFO - Installing dependencies - DONE. Took 413ms

[2020-03-18 18:24:42.5590] - INFO - Reading from /Users/navidtavalaei/Desktop/FramerX-CLI.framerfx (origin); preserving existing contents of project folder: true
[2020-03-18 18:24:42.5600] - INFO - Done reading
[2020-03-18 18:24:42.5600] - INFO - Marking changed: false
[2020-03-18 18:24:42.7050] - INFO - Proxy Config: exceptions: *.local, 169.254/16
[2020-03-18 18:24:43.7990] - INFO - Project server PID: 9099
[2020-03-18 18:24:43.9940] - INFO - Installing dependencies…
[2020-03-18 18:24:44.0460] - INFO - GET 200 /design/document.json 0 B (8ms)
[2020-03-18 18:24:44.1830] - INFO - GET 200 /node_modules/framer/build/framer.debug.js 0 B (2ms)
[2020-03-18 18:24:45.1470] - INFO - Installing dependencies - DONE. Took 1070ms
[2020-03-18 18:24:45.9180] - ERROR - Wed, 18 Mar 2020 17:24:45 GMT express deprecated res.send(status): Use res.sendStatus(status) instead at Applications/Framer X.app/Contents/Resources/Server/lib/server.js:129:17

[2020-03-18 18:24:56.8270] - INFO - Reading from /Users/navidtavalaei/Desktop/FramerX-CLI.framerfx (origin); preserving existing contents of project folder: true
[2020-03-18 18:24:56.8280] - INFO - Done reading
[2020-03-18 18:24:56.8290] - INFO - Marking changed: false
[2020-03-18 18:24:56.8300] - INFO - Marking changed: false
[2020-03-18 18:24:56.8430] - DEBUG - [Save session: 1] Completed super.save
[2020-03-18 18:24:57.6920] - INFO - Marking changed: false
[2020-03-18 18:24:57.7010] - INFO - GET 304 /node_modules/framer/build/framer.debug.js 0 B (1ms)

[2020-03-18 18:25:07.5750] - INFO - Reading from /Users/navidtavalaei/Desktop/FramerX-CLI.framerfx (origin); preserving existing contents of project folder: true
[2020-03-18 18:25:07.5770] - INFO - Done reading
[2020-03-18 18:25:07.5770] - INFO - Marking changed: false
[2020-03-18 18:25:07.6960] - INFO - Proxy Config: exceptions: *.local, 169.254/16
[2020-03-18 18:25:08.8890] - INFO - Project server PID: 9115
[2020-03-18 18:25:09.1110] - INFO - Installing dependencies…
[2020-03-18 18:25:09.1680] - INFO - GET 200 /design/document.json 0 B (5ms)
[2020-03-18 18:25:09.3010] - INFO - GET 200 /node_modules/framer/build/framer.debug.js 0 B (2ms)
[2020-03-18 18:25:10.1220] - INFO - Installing dependencies - DONE. Took 1011ms
[2020-03-18 18:25:11.0500] - ERROR - Wed, 18 Mar 2020 17:25:11 GMT express deprecated res.send(status): Use res.sendStatus(status) instead at Applications/Framer X.app/Contents/Resources/Server/lib/server.js:129:17
[2020-03-18 18:25:15.9340] - ERROR - Wed, 18 Mar 2020 17:25:15 GMT express deprecated res.send(status): Use res.sendStatus(status) instead at Applications/Framer X.app/Contents/Resources/Server/lib/middleware.js:76:13

[2020-03-18 18:25:20.9930] - INFO - Reading from /Users/navidtavalaei/Desktop/FramerX-CLI.framerfx (origin); preserving existing contents of project folder: true
[2020-03-18 18:25:20.9970] - INFO - Done reading
[2020-03-18 18:25:20.9980] - INFO - Marking changed: false
[2020-03-18 18:25:20.9990] - INFO - Marking changed: false
[2020-03-18 18:25:21.0060] - DEBUG - [Save session: 1] Completed super.save
[2020-03-18 18:25:21.8790] - INFO - Marking changed: false
[2020-03-18 18:25:21.8850] - INFO - GET 304 /node_modules/framer/build/framer.debug.js 0 B (0ms)
